<?xml version="1.0" encoding="UTF-8"?>
<testsuite name="com.example.springpractice.DemoApplicationTests" tests="1" skipped="0" failures="0" errors="0" timestamp="2021-03-01T19:10:39" hostname="RGCAFCS82020.local" time="0.003">
  <properties/>
  <testcase name="contextLoads()" classname="com.example.springpractice.DemoApplicationTests" time="0.003"/>
  <system-out><![CDATA[2021-03-01 13:10:39.403  INFO 37916 --- [    Test worker] .b.t.c.SpringBootTestContextBootstrapper : Neither @ContextConfiguration nor @ContextHierarchy found for test class [com.example.springpractice.DemoApplicationTests], using SpringBootContextLoader
2021-03-01 13:10:39.404  INFO 37916 --- [    Test worker] o.s.t.c.support.AbstractContextLoader    : Could not detect default resource locations for test class [com.example.springpractice.DemoApplicationTests]: no resource found for suffixes {-context.xml, Context.groovy}.
2021-03-01 13:10:39.404  INFO 37916 --- [    Test worker] t.c.s.AnnotationConfigContextLoaderUtils : Could not detect default configuration classes for test class [com.example.springpractice.DemoApplicationTests]: DemoApplicationTests does not declare any static, non-private, non-final, nested classes annotated with @Configuration.
2021-03-01 13:10:39.406  INFO 37916 --- [    Test worker] .b.t.c.SpringBootTestContextBootstrapper : Found @SpringBootConfiguration com.example.springpractice.DemoApplication for test class com.example.springpractice.DemoApplicationTests
2021-03-01 13:10:39.410  INFO 37916 --- [    Test worker] .b.t.c.SpringBootTestContextBootstrapper : Loaded default TestExecutionListener class names from location [META-INF/spring.factories]: [org.springframework.boot.test.autoconfigure.restdocs.RestDocsTestExecutionListener, org.springframework.boot.test.autoconfigure.web.client.MockRestServiceServerResetTestExecutionListener, org.springframework.boot.test.autoconfigure.web.servlet.MockMvcPrintOnlyOnFailureTestExecutionListener, org.springframework.boot.test.autoconfigure.web.servlet.WebDriverTestExecutionListener, org.springframework.boot.test.autoconfigure.webservices.client.MockWebServiceServerTestExecutionListener, org.springframework.boot.test.mock.mockito.MockitoTestExecutionListener, org.springframework.boot.test.mock.mockito.ResetMocksTestExecutionListener, org.springframework.test.context.web.ServletTestExecutionListener, org.springframework.test.context.support.DirtiesContextBeforeModesTestExecutionListener, org.springframework.test.context.event.ApplicationEventsTestExecutionListener, org.springframework.test.context.support.DependencyInjectionTestExecutionListener, org.springframework.test.context.support.DirtiesContextTestExecutionListener, org.springframework.test.context.transaction.TransactionalTestExecutionListener, org.springframework.test.context.jdbc.SqlScriptsTestExecutionListener, org.springframework.test.context.event.EventPublishingTestExecutionListener]
2021-03-01 13:10:39.412  INFO 37916 --- [    Test worker] .b.t.c.SpringBootTestContextBootstrapper : Using TestExecutionListeners: [org.springframework.test.context.web.ServletTestExecutionListener@60cbe8d1, org.springframework.test.context.support.DirtiesContextBeforeModesTestExecutionListener@749ba290, org.springframework.test.context.event.ApplicationEventsTestExecutionListener@4537bfe3, org.springframework.boot.test.mock.mockito.MockitoTestExecutionListener@2998ed39, org.springframework.boot.test.autoconfigure.SpringBootDependencyInjectionTestExecutionListener@162a05bb, org.springframework.test.context.support.DirtiesContextTestExecutionListener@3f8caacc, org.springframework.test.context.event.EventPublishingTestExecutionListener@47bcc279, org.springframework.boot.test.autoconfigure.restdocs.RestDocsTestExecutionListener@29a30e92, org.springframework.boot.test.autoconfigure.web.client.MockRestServiceServerResetTestExecutionListener@6fe2d1c0, org.springframework.boot.test.autoconfigure.web.servlet.MockMvcPrintOnlyOnFailureTestExecutionListener@3562cc3a, org.springframework.boot.test.autoconfigure.web.servlet.WebDriverTestExecutionListener@14ec6fe5, org.springframework.boot.test.autoconfigure.webservices.client.MockWebServiceServerTestExecutionListener@250a2474, org.springframework.boot.test.mock.mockito.ResetMocksTestExecutionListener@5c1f9dc4]

  .   ____          _            __ _ _
 /\\ / ___'_ __ _ _(_)_ __  __ _ \ \ \ \
( ( )\___ | '_ | '_| | '_ \/ _` | \ \ \ \
 \\/  ___)| |_)| | | | | || (_| |  ) ) ) )
  '  |____| .__|_| |_|_| |_\__, | / / / /
 =========|_|==============|___/=/_/_/_/
 :: Spring Boot ::                (v2.4.3)

2021-03-01 13:10:39.440  INFO 37916 --- [    Test worker] c.e.springpractice.DemoApplicationTests  : Starting DemoApplicationTests using Java 15.0.1 on RGCAFCS82020.local with PID 37916 (started by j2153034 in /Users/j2153034/Documents/GitHub/spring-playground)
2021-03-01 13:10:39.441  INFO 37916 --- [    Test worker] c.e.springpractice.DemoApplicationTests  : No active profile set, falling back to default profiles: default
2021-03-01 13:10:39.851  INFO 37916 --- [    Test worker] o.s.s.concurrent.ThreadPoolTaskExecutor  : Initializing ExecutorService 'applicationTaskExecutor'
2021-03-01 13:10:39.996  INFO 37916 --- [    Test worker] c.e.springpractice.DemoApplicationTests  : Started DemoApplicationTests in 0.58 seconds (JVM running for 4.864)
]]></system-out>
  <system-err><![CDATA[]]></system-err>
</testsuite>
