<?xml version="1.0" encoding="UTF-8"?>
<testsuite name="com.jsonpractice.SpringJavaDemoApplicationTests" tests="1" skipped="0" failures="0" errors="0" timestamp="2021-03-04T15:19:21" hostname="RGCAFCS82020.local" time="0.003">
  <properties/>
  <testcase name="contextLoads()" classname="com.jsonpractice.SpringJavaDemoApplicationTests" time="0.003"/>
  <system-out><![CDATA[2021-03-04 09:19:20.788  INFO 52273 --- [    Test worker] .b.t.c.SpringBootTestContextBootstrapper : Neither @ContextConfiguration nor @ContextHierarchy found for test class [com.jsonpractice.SpringJavaDemoApplicationTests], using SpringBootContextLoader
2021-03-04 09:19:20.788  INFO 52273 --- [    Test worker] o.s.t.c.support.AbstractContextLoader    : Could not detect default resource locations for test class [com.jsonpractice.SpringJavaDemoApplicationTests]: no resource found for suffixes {-context.xml, Context.groovy}.
2021-03-04 09:19:20.789  INFO 52273 --- [    Test worker] t.c.s.AnnotationConfigContextLoaderUtils : Could not detect default configuration classes for test class [com.jsonpractice.SpringJavaDemoApplicationTests]: SpringJavaDemoApplicationTests does not declare any static, non-private, non-final, nested classes annotated with @Configuration.
2021-03-04 09:19:20.790  INFO 52273 --- [    Test worker] .b.t.c.SpringBootTestContextBootstrapper : Found @SpringBootConfiguration com.jsonpractice.SpringJavaDemoApplication for test class com.jsonpractice.SpringJavaDemoApplicationTests
2021-03-04 09:19:20.792  INFO 52273 --- [    Test worker] .b.t.c.SpringBootTestContextBootstrapper : Loaded default TestExecutionListener class names from location [META-INF/spring.factories]: [org.springframework.boot.test.autoconfigure.restdocs.RestDocsTestExecutionListener, org.springframework.boot.test.autoconfigure.web.client.MockRestServiceServerResetTestExecutionListener, org.springframework.boot.test.autoconfigure.web.servlet.MockMvcPrintOnlyOnFailureTestExecutionListener, org.springframework.boot.test.autoconfigure.web.servlet.WebDriverTestExecutionListener, org.springframework.boot.test.autoconfigure.webservices.client.MockWebServiceServerTestExecutionListener, org.springframework.boot.test.mock.mockito.MockitoTestExecutionListener, org.springframework.boot.test.mock.mockito.ResetMocksTestExecutionListener, org.springframework.test.context.web.ServletTestExecutionListener, org.springframework.test.context.support.DirtiesContextBeforeModesTestExecutionListener, org.springframework.test.context.event.ApplicationEventsTestExecutionListener, org.springframework.test.context.support.DependencyInjectionTestExecutionListener, org.springframework.test.context.support.DirtiesContextTestExecutionListener, org.springframework.test.context.transaction.TransactionalTestExecutionListener, org.springframework.test.context.jdbc.SqlScriptsTestExecutionListener, org.springframework.test.context.event.EventPublishingTestExecutionListener]
2021-03-04 09:19:20.793  INFO 52273 --- [    Test worker] .b.t.c.SpringBootTestContextBootstrapper : Using TestExecutionListeners: [org.springframework.test.context.web.ServletTestExecutionListener@53700069, org.springframework.test.context.support.DirtiesContextBeforeModesTestExecutionListener@63f64111, org.springframework.test.context.event.ApplicationEventsTestExecutionListener@31df4b6f, org.springframework.boot.test.mock.mockito.MockitoTestExecutionListener@74612547, org.springframework.boot.test.autoconfigure.SpringBootDependencyInjectionTestExecutionListener@274100ea, org.springframework.test.context.support.DirtiesContextTestExecutionListener@76ee23da, org.springframework.test.context.event.EventPublishingTestExecutionListener@3d218a5b, org.springframework.boot.test.autoconfigure.restdocs.RestDocsTestExecutionListener@4097cba5, org.springframework.boot.test.autoconfigure.web.client.MockRestServiceServerResetTestExecutionListener@6f7ed50d, org.springframework.boot.test.autoconfigure.web.servlet.MockMvcPrintOnlyOnFailureTestExecutionListener@6809cbcb, org.springframework.boot.test.autoconfigure.web.servlet.WebDriverTestExecutionListener@59cbe7c3, org.springframework.boot.test.autoconfigure.webservices.client.MockWebServiceServerTestExecutionListener@27ffd5bc, org.springframework.boot.test.mock.mockito.ResetMocksTestExecutionListener@3e30baf3]

  .   ____          _            __ _ _
 /\\ / ___'_ __ _ _(_)_ __  __ _ \ \ \ \
( ( )\___ | '_ | '_| | '_ \/ _` | \ \ \ \
 \\/  ___)| |_)| | | | | || (_| |  ) ) ) )
  '  |____| .__|_| |_|_| |_\__, | / / / /
 =========|_|==============|___/=/_/_/_/
 :: Spring Boot ::                (v2.4.3)

2021-03-04 09:19:20.810  INFO 52273 --- [    Test worker] c.j.SpringJavaDemoApplicationTests       : Starting SpringJavaDemoApplicationTests using Java 15.0.1 on RGCAFCS82020.local with PID 52273 (started by j2153034 in /Users/j2153034/Documents/GitHub/spring-playground)
2021-03-04 09:19:20.811  INFO 52273 --- [    Test worker] c.j.SpringJavaDemoApplicationTests       : No active profile set, falling back to default profiles: default
2021-03-04 09:19:21.067  INFO 52273 --- [    Test worker] o.s.s.concurrent.ThreadPoolTaskExecutor  : Initializing ExecutorService 'applicationTaskExecutor'
2021-03-04 09:19:21.170  INFO 52273 --- [    Test worker] c.j.SpringJavaDemoApplicationTests       : Started SpringJavaDemoApplicationTests in 0.375 seconds (JVM running for 7.529)
]]></system-out>
  <system-err><![CDATA[]]></system-err>
</testsuite>
