<?xml version="1.0" encoding="UTF-8"?>
<testsuite name="com.example.demo.DemoApplicationTests" tests="1" skipped="0" failures="0" errors="0" timestamp="2021-02-22T20:53:59" hostname="RGCAFCS82020" time="0.002">
  <properties/>
  <testcase name="contextLoads()" classname="com.example.demo.DemoApplicationTests" time="0.002"/>
  <system-out><![CDATA[2021-02-22 14:53:59.130  INFO 2085 --- [    Test worker] .b.t.c.SpringBootTestContextBootstrapper : Neither @ContextConfiguration nor @ContextHierarchy found for test class [com.example.demo.DemoApplicationTests], using SpringBootContextLoader
2021-02-22 14:53:59.131  INFO 2085 --- [    Test worker] o.s.t.c.support.AbstractContextLoader    : Could not detect default resource locations for test class [com.example.demo.DemoApplicationTests]: no resource found for suffixes {-context.xml, Context.groovy}.
2021-02-22 14:53:59.131  INFO 2085 --- [    Test worker] t.c.s.AnnotationConfigContextLoaderUtils : Could not detect default configuration classes for test class [com.example.demo.DemoApplicationTests]: DemoApplicationTests does not declare any static, non-private, non-final, nested classes annotated with @Configuration.
2021-02-22 14:53:59.133  INFO 2085 --- [    Test worker] .b.t.c.SpringBootTestContextBootstrapper : Found @SpringBootConfiguration com.example.demo.DemoApplication for test class com.example.demo.DemoApplicationTests
2021-02-22 14:53:59.136  INFO 2085 --- [    Test worker] .b.t.c.SpringBootTestContextBootstrapper : Loaded default TestExecutionListener class names from location [META-INF/spring.factories]: [org.springframework.boot.test.autoconfigure.restdocs.RestDocsTestExecutionListener, org.springframework.boot.test.autoconfigure.web.client.MockRestServiceServerResetTestExecutionListener, org.springframework.boot.test.autoconfigure.web.servlet.MockMvcPrintOnlyOnFailureTestExecutionListener, org.springframework.boot.test.autoconfigure.web.servlet.WebDriverTestExecutionListener, org.springframework.boot.test.autoconfigure.webservices.client.MockWebServiceServerTestExecutionListener, org.springframework.boot.test.mock.mockito.MockitoTestExecutionListener, org.springframework.boot.test.mock.mockito.ResetMocksTestExecutionListener, org.springframework.test.context.web.ServletTestExecutionListener, org.springframework.test.context.support.DirtiesContextBeforeModesTestExecutionListener, org.springframework.test.context.event.ApplicationEventsTestExecutionListener, org.springframework.test.context.support.DependencyInjectionTestExecutionListener, org.springframework.test.context.support.DirtiesContextTestExecutionListener, org.springframework.test.context.transaction.TransactionalTestExecutionListener, org.springframework.test.context.jdbc.SqlScriptsTestExecutionListener, org.springframework.test.context.event.EventPublishingTestExecutionListener]
2021-02-22 14:53:59.136  INFO 2085 --- [    Test worker] .b.t.c.SpringBootTestContextBootstrapper : Using TestExecutionListeners: [org.springframework.test.context.web.ServletTestExecutionListener@7cde8b42, org.springframework.test.context.support.DirtiesContextBeforeModesTestExecutionListener@52372684, org.springframework.test.context.event.ApplicationEventsTestExecutionListener@602a4744, org.springframework.boot.test.mock.mockito.MockitoTestExecutionListener@433962a4, org.springframework.boot.test.autoconfigure.SpringBootDependencyInjectionTestExecutionListener@4bb5651a, org.springframework.test.context.support.DirtiesContextTestExecutionListener@20dd79ee, org.springframework.test.context.event.EventPublishingTestExecutionListener@12ff1ad6, org.springframework.boot.test.autoconfigure.restdocs.RestDocsTestExecutionListener@1adb666f, org.springframework.boot.test.autoconfigure.web.client.MockRestServiceServerResetTestExecutionListener@7a265d9b, org.springframework.boot.test.autoconfigure.web.servlet.MockMvcPrintOnlyOnFailureTestExecutionListener@317f5938, org.springframework.boot.test.autoconfigure.web.servlet.WebDriverTestExecutionListener@5b3ccc6b, org.springframework.boot.test.autoconfigure.webservices.client.MockWebServiceServerTestExecutionListener@1a95217d, org.springframework.boot.test.mock.mockito.ResetMocksTestExecutionListener@52977d31]

  .   ____          _            __ _ _
 /\\ / ___'_ __ _ _(_)_ __  __ _ \ \ \ \
( ( )\___ | '_ | '_| | '_ \/ _` | \ \ \ \
 \\/  ___)| |_)| | | | | || (_| |  ) ) ) )
  '  |____| .__|_| |_|_| |_\__, | / / / /
 =========|_|==============|___/=/_/_/_/
 :: Spring Boot ::                (v2.4.3)

2021-02-22 14:53:59.152  INFO 2085 --- [    Test worker] com.example.demo.DemoApplicationTests    : Starting DemoApplicationTests using Java 15.0.1 on RGCAFCS82020 with PID 2085 (started by j2153034 in /Users/j2153034/Documents/GitHub/Springdemo)
2021-02-22 14:53:59.153  INFO 2085 --- [    Test worker] com.example.demo.DemoApplicationTests    : No active profile set, falling back to default profiles: default
2021-02-22 14:53:59.433  INFO 2085 --- [    Test worker] o.s.s.concurrent.ThreadPoolTaskExecutor  : Initializing ExecutorService 'applicationTaskExecutor'
2021-02-22 14:53:59.533  INFO 2085 --- [    Test worker] com.example.demo.DemoApplicationTests    : Started DemoApplicationTests in 0.395 seconds (JVM running for 3.506)
]]></system-out>
  <system-err><![CDATA[]]></system-err>
</testsuite>
