<?xml version="1.0" encoding="UTF-8"?>
<testsuite name="com.example.jsonpractice.SpringJavaDemoApplicationTests" tests="1" skipped="0" failures="0" errors="0" timestamp="2021-03-01T19:10:41" hostname="RGCAFCS82020.local" time="0.003">
  <properties/>
  <testcase name="contextLoads()" classname="com.example.jsonpractice.SpringJavaDemoApplicationTests" time="0.003"/>
  <system-out><![CDATA[2021-03-01 13:10:40.869  INFO 37916 --- [    Test worker] .b.t.c.SpringBootTestContextBootstrapper : Neither @ContextConfiguration nor @ContextHierarchy found for test class [com.example.jsonpractice.SpringJavaDemoApplicationTests], using SpringBootContextLoader
2021-03-01 13:10:40.869  INFO 37916 --- [    Test worker] o.s.t.c.support.AbstractContextLoader    : Could not detect default resource locations for test class [com.example.jsonpractice.SpringJavaDemoApplicationTests]: no resource found for suffixes {-context.xml, Context.groovy}.
2021-03-01 13:10:40.870  INFO 37916 --- [    Test worker] t.c.s.AnnotationConfigContextLoaderUtils : Could not detect default configuration classes for test class [com.example.jsonpractice.SpringJavaDemoApplicationTests]: SpringJavaDemoApplicationTests does not declare any static, non-private, non-final, nested classes annotated with @Configuration.
2021-03-01 13:10:40.872  INFO 37916 --- [    Test worker] .b.t.c.SpringBootTestContextBootstrapper : Found @SpringBootConfiguration com.example.jsonpractice.SpringJavaDemoApplication for test class com.example.jsonpractice.SpringJavaDemoApplicationTests
2021-03-01 13:10:40.874  INFO 37916 --- [    Test worker] .b.t.c.SpringBootTestContextBootstrapper : Loaded default TestExecutionListener class names from location [META-INF/spring.factories]: [org.springframework.boot.test.autoconfigure.restdocs.RestDocsTestExecutionListener, org.springframework.boot.test.autoconfigure.web.client.MockRestServiceServerResetTestExecutionListener, org.springframework.boot.test.autoconfigure.web.servlet.MockMvcPrintOnlyOnFailureTestExecutionListener, org.springframework.boot.test.autoconfigure.web.servlet.WebDriverTestExecutionListener, org.springframework.boot.test.autoconfigure.webservices.client.MockWebServiceServerTestExecutionListener, org.springframework.boot.test.mock.mockito.MockitoTestExecutionListener, org.springframework.boot.test.mock.mockito.ResetMocksTestExecutionListener, org.springframework.test.context.web.ServletTestExecutionListener, org.springframework.test.context.support.DirtiesContextBeforeModesTestExecutionListener, org.springframework.test.context.event.ApplicationEventsTestExecutionListener, org.springframework.test.context.support.DependencyInjectionTestExecutionListener, org.springframework.test.context.support.DirtiesContextTestExecutionListener, org.springframework.test.context.transaction.TransactionalTestExecutionListener, org.springframework.test.context.jdbc.SqlScriptsTestExecutionListener, org.springframework.test.context.event.EventPublishingTestExecutionListener]
2021-03-01 13:10:40.875  INFO 37916 --- [    Test worker] .b.t.c.SpringBootTestContextBootstrapper : Using TestExecutionListeners: [org.springframework.test.context.web.ServletTestExecutionListener@6fdb45e8, org.springframework.test.context.support.DirtiesContextBeforeModesTestExecutionListener@48800335, org.springframework.test.context.event.ApplicationEventsTestExecutionListener@6c9d2411, org.springframework.boot.test.mock.mockito.MockitoTestExecutionListener@9702590, org.springframework.boot.test.autoconfigure.SpringBootDependencyInjectionTestExecutionListener@3c31d553, org.springframework.test.context.support.DirtiesContextTestExecutionListener@7460f04b, org.springframework.test.context.event.EventPublishingTestExecutionListener@71d8ef7a, org.springframework.boot.test.autoconfigure.restdocs.RestDocsTestExecutionListener@790c1874, org.springframework.boot.test.autoconfigure.web.client.MockRestServiceServerResetTestExecutionListener@4ba5d14b, org.springframework.boot.test.autoconfigure.web.servlet.MockMvcPrintOnlyOnFailureTestExecutionListener@383482dc, org.springframework.boot.test.autoconfigure.web.servlet.WebDriverTestExecutionListener@e21099f, org.springframework.boot.test.autoconfigure.webservices.client.MockWebServiceServerTestExecutionListener@17777f97, org.springframework.boot.test.mock.mockito.ResetMocksTestExecutionListener@72bdcbbb]

  .   ____          _            __ _ _
 /\\ / ___'_ __ _ _(_)_ __  __ _ \ \ \ \
( ( )\___ | '_ | '_| | '_ \/ _` | \ \ \ \
 \\/  ___)| |_)| | | | | || (_| |  ) ) ) )
  '  |____| .__|_| |_|_| |_\__, | / / / /
 =========|_|==============|___/=/_/_/_/
 :: Spring Boot ::                (v2.4.3)

2021-03-01 13:10:40.894  INFO 37916 --- [    Test worker] c.e.j.SpringJavaDemoApplicationTests     : Starting SpringJavaDemoApplicationTests using Java 15.0.1 on RGCAFCS82020.local with PID 37916 (started by j2153034 in /Users/j2153034/Documents/GitHub/spring-playground)
2021-03-01 13:10:40.895  INFO 37916 --- [    Test worker] c.e.j.SpringJavaDemoApplicationTests     : No active profile set, falling back to default profiles: default
2021-03-01 13:10:41.116  INFO 37916 --- [    Test worker] o.s.s.concurrent.ThreadPoolTaskExecutor  : Initializing ExecutorService 'applicationTaskExecutor'
2021-03-01 13:10:41.209  INFO 37916 --- [    Test worker] c.e.j.SpringJavaDemoApplicationTests     : Started SpringJavaDemoApplicationTests in 0.33 seconds (JVM running for 6.077)
]]></system-out>
  <system-err><![CDATA[]]></system-err>
</testsuite>
