<?xml version="1.0" encoding="UTF-8"?>
<testsuite name="com.example.springpractice.HomeControllerTest" tests="3" skipped="0" failures="0" errors="0" timestamp="2021-03-01T19:10:39" hostname="RGCAFCS82020.local" time="0.063">
  <properties/>
  <testcase name="testHomePageEndpoint()" classname="com.example.springpractice.HomeControllerTest" time="0.026"/>
  <testcase name="endpointArea1()" classname="com.example.springpractice.HomeControllerTest" time="0.025"/>
  <testcase name="endpointArea2()" classname="com.example.springpractice.HomeControllerTest" time="0.009"/>
  <system-out><![CDATA[2021-03-01 13:10:38.864  INFO 37916 --- [    Test worker] .b.t.a.w.s.WebMvcTestContextBootstrapper : Neither @ContextConfiguration nor @ContextHierarchy found for test class [com.example.springpractice.HomeControllerTest], using SpringBootContextLoader
2021-03-01 13:10:38.866  INFO 37916 --- [    Test worker] o.s.t.c.support.AbstractContextLoader    : Could not detect default resource locations for test class [com.example.springpractice.HomeControllerTest]: no resource found for suffixes {-context.xml, Context.groovy}.
2021-03-01 13:10:38.866  INFO 37916 --- [    Test worker] t.c.s.AnnotationConfigContextLoaderUtils : Could not detect default configuration classes for test class [com.example.springpractice.HomeControllerTest]: HomeControllerTest does not declare any static, non-private, non-final, nested classes annotated with @Configuration.
2021-03-01 13:10:38.871  INFO 37916 --- [    Test worker] .b.t.c.SpringBootTestContextBootstrapper : Found @SpringBootConfiguration com.example.springpractice.DemoApplication for test class com.example.springpractice.HomeControllerTest
2021-03-01 13:10:38.872  INFO 37916 --- [    Test worker] .b.t.a.w.s.WebMvcTestContextBootstrapper : Loaded default TestExecutionListener class names from location [META-INF/spring.factories]: [org.springframework.boot.test.autoconfigure.restdocs.RestDocsTestExecutionListener, org.springframework.boot.test.autoconfigure.web.client.MockRestServiceServerResetTestExecutionListener, org.springframework.boot.test.autoconfigure.web.servlet.MockMvcPrintOnlyOnFailureTestExecutionListener, org.springframework.boot.test.autoconfigure.web.servlet.WebDriverTestExecutionListener, org.springframework.boot.test.autoconfigure.webservices.client.MockWebServiceServerTestExecutionListener, org.springframework.boot.test.mock.mockito.MockitoTestExecutionListener, org.springframework.boot.test.mock.mockito.ResetMocksTestExecutionListener, org.springframework.test.context.web.ServletTestExecutionListener, org.springframework.test.context.support.DirtiesContextBeforeModesTestExecutionListener, org.springframework.test.context.event.ApplicationEventsTestExecutionListener, org.springframework.test.context.support.DependencyInjectionTestExecutionListener, org.springframework.test.context.support.DirtiesContextTestExecutionListener, org.springframework.test.context.transaction.TransactionalTestExecutionListener, org.springframework.test.context.jdbc.SqlScriptsTestExecutionListener, org.springframework.test.context.event.EventPublishingTestExecutionListener]
2021-03-01 13:10:38.874  INFO 37916 --- [    Test worker] .b.t.a.w.s.WebMvcTestContextBootstrapper : Using TestExecutionListeners: [org.springframework.test.context.web.ServletTestExecutionListener@467d658e, org.springframework.test.context.support.DirtiesContextBeforeModesTestExecutionListener@57c7142f, org.springframework.test.context.event.ApplicationEventsTestExecutionListener@fd6853a, org.springframework.boot.test.mock.mockito.MockitoTestExecutionListener@5226771c, org.springframework.boot.test.autoconfigure.SpringBootDependencyInjectionTestExecutionListener@7f5a39c3, org.springframework.test.context.support.DirtiesContextTestExecutionListener@10d33c6b, org.springframework.test.context.event.EventPublishingTestExecutionListener@2b17841e, org.springframework.boot.test.autoconfigure.restdocs.RestDocsTestExecutionListener@4ae898f7, org.springframework.boot.test.autoconfigure.web.client.MockRestServiceServerResetTestExecutionListener@64d23448, org.springframework.boot.test.autoconfigure.web.servlet.MockMvcPrintOnlyOnFailureTestExecutionListener@6deb6cdd, org.springframework.boot.test.autoconfigure.web.servlet.WebDriverTestExecutionListener@7acb220a, org.springframework.boot.test.autoconfigure.webservices.client.MockWebServiceServerTestExecutionListener@746a2284, org.springframework.boot.test.mock.mockito.ResetMocksTestExecutionListener@1ef3835]

  .   ____          _            __ _ _
 /\\ / ___'_ __ _ _(_)_ __  __ _ \ \ \ \
( ( )\___ | '_ | '_| | '_ \/ _` | \ \ \ \
 \\/  ___)| |_)| | | | | || (_| |  ) ) ) )
  '  |____| .__|_| |_|_| |_\__, | / / / /
 =========|_|==============|___/=/_/_/_/
 :: Spring Boot ::                (v2.4.3)

2021-03-01 13:10:38.902  INFO 37916 --- [    Test worker] c.e.springpractice.HomeControllerTest    : Starting HomeControllerTest using Java 15.0.1 on RGCAFCS82020.local with PID 37916 (started by j2153034 in /Users/j2153034/Documents/GitHub/spring-playground)
2021-03-01 13:10:38.903  INFO 37916 --- [    Test worker] c.e.springpractice.HomeControllerTest    : No active profile set, falling back to default profiles: default
2021-03-01 13:10:39.203  INFO 37916 --- [    Test worker] o.s.s.concurrent.ThreadPoolTaskExecutor  : Initializing ExecutorService 'applicationTaskExecutor'
2021-03-01 13:10:39.317  INFO 37916 --- [    Test worker] o.s.b.t.m.w.SpringBootMockServletContext : Initializing Spring TestDispatcherServlet ''
2021-03-01 13:10:39.318  INFO 37916 --- [    Test worker] o.s.t.web.servlet.TestDispatcherServlet  : Initializing Servlet ''
2021-03-01 13:10:39.319  INFO 37916 --- [    Test worker] o.s.t.web.servlet.TestDispatcherServlet  : Completed initialization in 0 ms
2021-03-01 13:10:39.332  INFO 37916 --- [    Test worker] c.e.springpractice.HomeControllerTest    : Started HomeControllerTest in 0.454 seconds (JVM running for 4.2)
]]></system-out>
  <system-err><![CDATA[]]></system-err>
</testsuite>
