<?xml version="1.0" encoding="UTF-8"?>
<testsuite name="com.springpractice.DemoApplicationTests" tests="1" skipped="0" failures="0" errors="0" timestamp="2021-03-04T15:19:18" hostname="RGCAFCS82020.local" time="0.003">
  <properties/>
  <testcase name="contextLoads()" classname="com.springpractice.DemoApplicationTests" time="0.003"/>
  <system-out><![CDATA[2021-03-04 09:19:18.275  INFO 52273 --- [    Test worker] .b.t.c.SpringBootTestContextBootstrapper : Neither @ContextConfiguration nor @ContextHierarchy found for test class [com.springpractice.DemoApplicationTests], using SpringBootContextLoader
2021-03-04 09:19:18.276  INFO 52273 --- [    Test worker] o.s.t.c.support.AbstractContextLoader    : Could not detect default resource locations for test class [com.springpractice.DemoApplicationTests]: no resource found for suffixes {-context.xml, Context.groovy}.
2021-03-04 09:19:18.276  INFO 52273 --- [    Test worker] t.c.s.AnnotationConfigContextLoaderUtils : Could not detect default configuration classes for test class [com.springpractice.DemoApplicationTests]: DemoApplicationTests does not declare any static, non-private, non-final, nested classes annotated with @Configuration.
2021-03-04 09:19:18.278  INFO 52273 --- [    Test worker] .b.t.c.SpringBootTestContextBootstrapper : Found @SpringBootConfiguration com.springpractice.DemoApplication for test class com.springpractice.DemoApplicationTests
2021-03-04 09:19:18.282  INFO 52273 --- [    Test worker] .b.t.c.SpringBootTestContextBootstrapper : Loaded default TestExecutionListener class names from location [META-INF/spring.factories]: [org.springframework.boot.test.autoconfigure.restdocs.RestDocsTestExecutionListener, org.springframework.boot.test.autoconfigure.web.client.MockRestServiceServerResetTestExecutionListener, org.springframework.boot.test.autoconfigure.web.servlet.MockMvcPrintOnlyOnFailureTestExecutionListener, org.springframework.boot.test.autoconfigure.web.servlet.WebDriverTestExecutionListener, org.springframework.boot.test.autoconfigure.webservices.client.MockWebServiceServerTestExecutionListener, org.springframework.boot.test.mock.mockito.MockitoTestExecutionListener, org.springframework.boot.test.mock.mockito.ResetMocksTestExecutionListener, org.springframework.test.context.web.ServletTestExecutionListener, org.springframework.test.context.support.DirtiesContextBeforeModesTestExecutionListener, org.springframework.test.context.event.ApplicationEventsTestExecutionListener, org.springframework.test.context.support.DependencyInjectionTestExecutionListener, org.springframework.test.context.support.DirtiesContextTestExecutionListener, org.springframework.test.context.transaction.TransactionalTestExecutionListener, org.springframework.test.context.jdbc.SqlScriptsTestExecutionListener, org.springframework.test.context.event.EventPublishingTestExecutionListener]
2021-03-04 09:19:18.283  INFO 52273 --- [    Test worker] .b.t.c.SpringBootTestContextBootstrapper : Using TestExecutionListeners: [org.springframework.test.context.web.ServletTestExecutionListener@59c06616, org.springframework.test.context.support.DirtiesContextBeforeModesTestExecutionListener@632c0742, org.springframework.test.context.event.ApplicationEventsTestExecutionListener@402161f, org.springframework.boot.test.mock.mockito.MockitoTestExecutionListener@64288ec9, org.springframework.boot.test.autoconfigure.SpringBootDependencyInjectionTestExecutionListener@3e82a48c, org.springframework.test.context.support.DirtiesContextTestExecutionListener@3d17a209, org.springframework.test.context.event.EventPublishingTestExecutionListener@29b1e95a, org.springframework.boot.test.autoconfigure.restdocs.RestDocsTestExecutionListener@9cf6463, org.springframework.boot.test.autoconfigure.web.client.MockRestServiceServerResetTestExecutionListener@22421712, org.springframework.boot.test.autoconfigure.web.servlet.MockMvcPrintOnlyOnFailureTestExecutionListener@2245eeb9, org.springframework.boot.test.autoconfigure.web.servlet.WebDriverTestExecutionListener@4983892, org.springframework.boot.test.autoconfigure.webservices.client.MockWebServiceServerTestExecutionListener@7686b81e, org.springframework.boot.test.mock.mockito.ResetMocksTestExecutionListener@44cecb5b]

  .   ____          _            __ _ _
 /\\ / ___'_ __ _ _(_)_ __  __ _ \ \ \ \
( ( )\___ | '_ | '_| | '_ \/ _` | \ \ \ \
 \\/  ___)| |_)| | | | | || (_| |  ) ) ) )
  '  |____| .__|_| |_|_| |_\__, | / / / /
 =========|_|==============|___/=/_/_/_/
 :: Spring Boot ::                (v2.4.3)

2021-03-04 09:19:18.309  INFO 52273 --- [    Test worker] com.springpractice.DemoApplicationTests  : Starting DemoApplicationTests using Java 15.0.1 on RGCAFCS82020.local with PID 52273 (started by j2153034 in /Users/j2153034/Documents/GitHub/spring-playground)
2021-03-04 09:19:18.311  INFO 52273 --- [    Test worker] com.springpractice.DemoApplicationTests  : No active profile set, falling back to default profiles: default
2021-03-04 09:19:18.766  INFO 52273 --- [    Test worker] o.s.s.concurrent.ThreadPoolTaskExecutor  : Initializing ExecutorService 'applicationTaskExecutor'
2021-03-04 09:19:18.926  INFO 52273 --- [    Test worker] com.springpractice.DemoApplicationTests  : Started DemoApplicationTests in 0.64 seconds (JVM running for 5.285)
]]></system-out>
  <system-err><![CDATA[]]></system-err>
</testsuite>
