<?xml version="1.0" encoding="UTF-8"?>
<testsuite name="com.springpractice.HomeControllerTest" tests="3" skipped="0" failures="0" errors="0" timestamp="2021-03-04T15:19:18" hostname="RGCAFCS82020.local" time="0.058">
  <properties/>
  <testcase name="testHomePageEndpoint()" classname="com.springpractice.HomeControllerTest" time="0.022"/>
  <testcase name="endpointArea1()" classname="com.springpractice.HomeControllerTest" time="0.026"/>
  <testcase name="endpointArea2()" classname="com.springpractice.HomeControllerTest" time="0.007"/>
  <system-out><![CDATA[2021-03-04 09:19:17.745  INFO 52273 --- [    Test worker] .b.t.a.w.s.WebMvcTestContextBootstrapper : Neither @ContextConfiguration nor @ContextHierarchy found for test class [com.springpractice.HomeControllerTest], using SpringBootContextLoader
2021-03-04 09:19:17.746  INFO 52273 --- [    Test worker] o.s.t.c.support.AbstractContextLoader    : Could not detect default resource locations for test class [com.springpractice.HomeControllerTest]: no resource found for suffixes {-context.xml, Context.groovy}.
2021-03-04 09:19:17.746  INFO 52273 --- [    Test worker] t.c.s.AnnotationConfigContextLoaderUtils : Could not detect default configuration classes for test class [com.springpractice.HomeControllerTest]: HomeControllerTest does not declare any static, non-private, non-final, nested classes annotated with @Configuration.
2021-03-04 09:19:17.751  INFO 52273 --- [    Test worker] .b.t.c.SpringBootTestContextBootstrapper : Found @SpringBootConfiguration com.springpractice.DemoApplication for test class com.springpractice.HomeControllerTest
2021-03-04 09:19:17.752  INFO 52273 --- [    Test worker] .b.t.a.w.s.WebMvcTestContextBootstrapper : Loaded default TestExecutionListener class names from location [META-INF/spring.factories]: [org.springframework.boot.test.autoconfigure.restdocs.RestDocsTestExecutionListener, org.springframework.boot.test.autoconfigure.web.client.MockRestServiceServerResetTestExecutionListener, org.springframework.boot.test.autoconfigure.web.servlet.MockMvcPrintOnlyOnFailureTestExecutionListener, org.springframework.boot.test.autoconfigure.web.servlet.WebDriverTestExecutionListener, org.springframework.boot.test.autoconfigure.webservices.client.MockWebServiceServerTestExecutionListener, org.springframework.boot.test.mock.mockito.MockitoTestExecutionListener, org.springframework.boot.test.mock.mockito.ResetMocksTestExecutionListener, org.springframework.test.context.web.ServletTestExecutionListener, org.springframework.test.context.support.DirtiesContextBeforeModesTestExecutionListener, org.springframework.test.context.event.ApplicationEventsTestExecutionListener, org.springframework.test.context.support.DependencyInjectionTestExecutionListener, org.springframework.test.context.support.DirtiesContextTestExecutionListener, org.springframework.test.context.transaction.TransactionalTestExecutionListener, org.springframework.test.context.jdbc.SqlScriptsTestExecutionListener, org.springframework.test.context.event.EventPublishingTestExecutionListener]
2021-03-04 09:19:17.754  INFO 52273 --- [    Test worker] .b.t.a.w.s.WebMvcTestContextBootstrapper : Using TestExecutionListeners: [org.springframework.test.context.web.ServletTestExecutionListener@240808f9, org.springframework.test.context.support.DirtiesContextBeforeModesTestExecutionListener@7716dad7, org.springframework.test.context.event.ApplicationEventsTestExecutionListener@1332381d, org.springframework.boot.test.mock.mockito.MockitoTestExecutionListener@6662e6c2, org.springframework.boot.test.autoconfigure.SpringBootDependencyInjectionTestExecutionListener@2c97537, org.springframework.test.context.support.DirtiesContextTestExecutionListener@4348d7db, org.springframework.test.context.event.EventPublishingTestExecutionListener@41b8fd7f, org.springframework.boot.test.autoconfigure.restdocs.RestDocsTestExecutionListener@301d577c, org.springframework.boot.test.autoconfigure.web.client.MockRestServiceServerResetTestExecutionListener@7934ec85, org.springframework.boot.test.autoconfigure.web.servlet.MockMvcPrintOnlyOnFailureTestExecutionListener@7cc70a77, org.springframework.boot.test.autoconfigure.web.servlet.WebDriverTestExecutionListener@7a124395, org.springframework.boot.test.autoconfigure.webservices.client.MockWebServiceServerTestExecutionListener@20ee5d1c, org.springframework.boot.test.mock.mockito.ResetMocksTestExecutionListener@7ee0cd40]

  .   ____          _            __ _ _
 /\\ / ___'_ __ _ _(_)_ __  __ _ \ \ \ \
( ( )\___ | '_ | '_| | '_ \/ _` | \ \ \ \
 \\/  ___)| |_)| | | | | || (_| |  ) ) ) )
  '  |____| .__|_| |_|_| |_\__, | / / / /
 =========|_|==============|___/=/_/_/_/
 :: Spring Boot ::                (v2.4.3)

2021-03-04 09:19:17.785  INFO 52273 --- [    Test worker] com.springpractice.HomeControllerTest    : Starting HomeControllerTest using Java 15.0.1 on RGCAFCS82020.local with PID 52273 (started by j2153034 in /Users/j2153034/Documents/GitHub/spring-playground)
2021-03-04 09:19:17.787  INFO 52273 --- [    Test worker] com.springpractice.HomeControllerTest    : No active profile set, falling back to default profiles: default
2021-03-04 09:19:18.090  INFO 52273 --- [    Test worker] o.s.s.concurrent.ThreadPoolTaskExecutor  : Initializing ExecutorService 'applicationTaskExecutor'
2021-03-04 09:19:18.197  INFO 52273 --- [    Test worker] o.s.b.t.m.w.SpringBootMockServletContext : Initializing Spring TestDispatcherServlet ''
2021-03-04 09:19:18.197  INFO 52273 --- [    Test worker] o.s.t.web.servlet.TestDispatcherServlet  : Initializing Servlet ''
2021-03-04 09:19:18.198  INFO 52273 --- [    Test worker] o.s.t.web.servlet.TestDispatcherServlet  : Completed initialization in 1 ms
2021-03-04 09:19:18.210  INFO 52273 --- [    Test worker] com.springpractice.HomeControllerTest    : Started HomeControllerTest in 0.453 seconds (JVM running for 4.568)
]]></system-out>
  <system-err><![CDATA[]]></system-err>
</testsuite>
