<?xml version="1.0" encoding="UTF-8"?>
<testsuite name="com.example.jsonpractice.galvanizeExamplesTests" tests="3" skipped="0" failures="0" errors="0" timestamp="2021-03-01T19:10:40" hostname="RGCAFCS82020.local" time="0.14">
  <properties/>
  <testcase name="testArray()" classname="com.example.jsonpractice.galvanizeExamplesTests" time="0.124"/>
  <testcase name="testmain()" classname="com.example.jsonpractice.galvanizeExamplesTests" time="0.007"/>
  <testcase name="testObject()" classname="com.example.jsonpractice.galvanizeExamplesTests" time="0.007"/>
  <system-out><![CDATA[2021-03-01 13:10:40.007  INFO 37916 --- [    Test worker] .b.t.a.w.s.WebMvcTestContextBootstrapper : Neither @ContextConfiguration nor @ContextHierarchy found for test class [com.example.jsonpractice.galvanizeExamplesTests], using SpringBootContextLoader
2021-03-01 13:10:40.007  INFO 37916 --- [    Test worker] o.s.t.c.support.AbstractContextLoader    : Could not detect default resource locations for test class [com.example.jsonpractice.galvanizeExamplesTests]: no resource found for suffixes {-context.xml, Context.groovy}.
2021-03-01 13:10:40.008  INFO 37916 --- [    Test worker] t.c.s.AnnotationConfigContextLoaderUtils : Could not detect default configuration classes for test class [com.example.jsonpractice.galvanizeExamplesTests]: galvanizeExamplesTests does not declare any static, non-private, non-final, nested classes annotated with @Configuration.
2021-03-01 13:10:40.030  INFO 37916 --- [    Test worker] .b.t.c.SpringBootTestContextBootstrapper : Found @SpringBootConfiguration com.example.jsonpractice.SpringJavaDemoApplication for test class com.example.jsonpractice.galvanizeExamplesTests
2021-03-01 13:10:40.032  INFO 37916 --- [    Test worker] .b.t.a.w.s.WebMvcTestContextBootstrapper : Loaded default TestExecutionListener class names from location [META-INF/spring.factories]: [org.springframework.boot.test.autoconfigure.restdocs.RestDocsTestExecutionListener, org.springframework.boot.test.autoconfigure.web.client.MockRestServiceServerResetTestExecutionListener, org.springframework.boot.test.autoconfigure.web.servlet.MockMvcPrintOnlyOnFailureTestExecutionListener, org.springframework.boot.test.autoconfigure.web.servlet.WebDriverTestExecutionListener, org.springframework.boot.test.autoconfigure.webservices.client.MockWebServiceServerTestExecutionListener, org.springframework.boot.test.mock.mockito.MockitoTestExecutionListener, org.springframework.boot.test.mock.mockito.ResetMocksTestExecutionListener, org.springframework.test.context.web.ServletTestExecutionListener, org.springframework.test.context.support.DirtiesContextBeforeModesTestExecutionListener, org.springframework.test.context.event.ApplicationEventsTestExecutionListener, org.springframework.test.context.support.DependencyInjectionTestExecutionListener, org.springframework.test.context.support.DirtiesContextTestExecutionListener, org.springframework.test.context.transaction.TransactionalTestExecutionListener, org.springframework.test.context.jdbc.SqlScriptsTestExecutionListener, org.springframework.test.context.event.EventPublishingTestExecutionListener]
2021-03-01 13:10:40.033  INFO 37916 --- [    Test worker] .b.t.a.w.s.WebMvcTestContextBootstrapper : Using TestExecutionListeners: [org.springframework.test.context.web.ServletTestExecutionListener@635ac4d, org.springframework.test.context.support.DirtiesContextBeforeModesTestExecutionListener@1ea8cd2e, org.springframework.test.context.event.ApplicationEventsTestExecutionListener@1180c231, org.springframework.boot.test.mock.mockito.MockitoTestExecutionListener@5bbaaed7, org.springframework.boot.test.autoconfigure.SpringBootDependencyInjectionTestExecutionListener@70463629, org.springframework.test.context.support.DirtiesContextTestExecutionListener@285f54b2, org.springframework.test.context.event.EventPublishingTestExecutionListener@3fd98ac2, org.springframework.boot.test.autoconfigure.restdocs.RestDocsTestExecutionListener@319b57f8, org.springframework.boot.test.autoconfigure.web.client.MockRestServiceServerResetTestExecutionListener@70adc89c, org.springframework.boot.test.autoconfigure.web.servlet.MockMvcPrintOnlyOnFailureTestExecutionListener@2285f8ff, org.springframework.boot.test.autoconfigure.web.servlet.WebDriverTestExecutionListener@51f9f9f7, org.springframework.boot.test.autoconfigure.webservices.client.MockWebServiceServerTestExecutionListener@3ab640a7, org.springframework.boot.test.mock.mockito.ResetMocksTestExecutionListener@24418645]

  .   ____          _            __ _ _
 /\\ / ___'_ __ _ _(_)_ __  __ _ \ \ \ \
( ( )\___ | '_ | '_| | '_ \/ _` | \ \ \ \
 \\/  ___)| |_)| | | | | || (_| |  ) ) ) )
  '  |____| .__|_| |_|_| |_\__, | / / / /
 =========|_|==============|___/=/_/_/_/
 :: Spring Boot ::                (v2.4.3)

2021-03-01 13:10:40.053  INFO 37916 --- [    Test worker] c.e.jsonpractice.galvanizeExamplesTests  : Starting galvanizeExamplesTests using Java 15.0.1 on RGCAFCS82020.local with PID 37916 (started by j2153034 in /Users/j2153034/Documents/GitHub/spring-playground)
2021-03-01 13:10:40.054  INFO 37916 --- [    Test worker] c.e.jsonpractice.galvanizeExamplesTests  : No active profile set, falling back to default profiles: default
2021-03-01 13:10:40.268  INFO 37916 --- [    Test worker] o.s.s.concurrent.ThreadPoolTaskExecutor  : Initializing ExecutorService 'applicationTaskExecutor'
2021-03-01 13:10:40.366  INFO 37916 --- [    Test worker] o.s.b.t.m.w.SpringBootMockServletContext : Initializing Spring TestDispatcherServlet ''
2021-03-01 13:10:40.367  INFO 37916 --- [    Test worker] o.s.t.web.servlet.TestDispatcherServlet  : Initializing Servlet ''
2021-03-01 13:10:40.368  INFO 37916 --- [    Test worker] o.s.t.web.servlet.TestDispatcherServlet  : Completed initialization in 0 ms
2021-03-01 13:10:40.379  INFO 37916 --- [    Test worker] c.e.jsonpractice.galvanizeExamplesTests  : Started galvanizeExamplesTests in 0.343 seconds (JVM running for 5.248)
]]></system-out>
  <system-err><![CDATA[]]></system-err>
</testsuite>
