<?xml version="1.0" encoding="UTF-8"?>
<testsuite name="com.example.jsonpractice.ThemeParkTests" tests="3" skipped="0" failures="0" errors="0" timestamp="2021-03-01T19:10:40" hostname="RGCAFCS82020.local" time="0.029">
  <properties/>
  <testcase name="testRides()" classname="com.example.jsonpractice.ThemeParkTests" time="0.012"/>
  <testcase name="testRide()" classname="com.example.jsonpractice.ThemeParkTests" time="0.01"/>
  <testcase name="testmain()" classname="com.example.jsonpractice.ThemeParkTests" time="0.005"/>
  <system-out><![CDATA[2021-03-01 13:10:40.525  INFO 37916 --- [    Test worker] .b.t.a.w.s.WebMvcTestContextBootstrapper : Neither @ContextConfiguration nor @ContextHierarchy found for test class [com.example.jsonpractice.ThemeParkTests], using SpringBootContextLoader
2021-03-01 13:10:40.526  INFO 37916 --- [    Test worker] o.s.t.c.support.AbstractContextLoader    : Could not detect default resource locations for test class [com.example.jsonpractice.ThemeParkTests]: no resource found for suffixes {-context.xml, Context.groovy}.
2021-03-01 13:10:40.526  INFO 37916 --- [    Test worker] t.c.s.AnnotationConfigContextLoaderUtils : Could not detect default configuration classes for test class [com.example.jsonpractice.ThemeParkTests]: ThemeParkTests does not declare any static, non-private, non-final, nested classes annotated with @Configuration.
2021-03-01 13:10:40.529  INFO 37916 --- [    Test worker] .b.t.c.SpringBootTestContextBootstrapper : Found @SpringBootConfiguration com.example.jsonpractice.SpringJavaDemoApplication for test class com.example.jsonpractice.ThemeParkTests
2021-03-01 13:10:40.530  INFO 37916 --- [    Test worker] .b.t.a.w.s.WebMvcTestContextBootstrapper : Loaded default TestExecutionListener class names from location [META-INF/spring.factories]: [org.springframework.boot.test.autoconfigure.restdocs.RestDocsTestExecutionListener, org.springframework.boot.test.autoconfigure.web.client.MockRestServiceServerResetTestExecutionListener, org.springframework.boot.test.autoconfigure.web.servlet.MockMvcPrintOnlyOnFailureTestExecutionListener, org.springframework.boot.test.autoconfigure.web.servlet.WebDriverTestExecutionListener, org.springframework.boot.test.autoconfigure.webservices.client.MockWebServiceServerTestExecutionListener, org.springframework.boot.test.mock.mockito.MockitoTestExecutionListener, org.springframework.boot.test.mock.mockito.ResetMocksTestExecutionListener, org.springframework.test.context.web.ServletTestExecutionListener, org.springframework.test.context.support.DirtiesContextBeforeModesTestExecutionListener, org.springframework.test.context.event.ApplicationEventsTestExecutionListener, org.springframework.test.context.support.DependencyInjectionTestExecutionListener, org.springframework.test.context.support.DirtiesContextTestExecutionListener, org.springframework.test.context.transaction.TransactionalTestExecutionListener, org.springframework.test.context.jdbc.SqlScriptsTestExecutionListener, org.springframework.test.context.event.EventPublishingTestExecutionListener]
2021-03-01 13:10:40.531  INFO 37916 --- [    Test worker] .b.t.a.w.s.WebMvcTestContextBootstrapper : Using TestExecutionListeners: [org.springframework.test.context.web.ServletTestExecutionListener@27d12c4c, org.springframework.test.context.support.DirtiesContextBeforeModesTestExecutionListener@248e785f, org.springframework.test.context.event.ApplicationEventsTestExecutionListener@7e734081, org.springframework.boot.test.mock.mockito.MockitoTestExecutionListener@7966709b, org.springframework.boot.test.autoconfigure.SpringBootDependencyInjectionTestExecutionListener@57fb80b7, org.springframework.test.context.support.DirtiesContextTestExecutionListener@e04697, org.springframework.test.context.event.EventPublishingTestExecutionListener@64737942, org.springframework.boot.test.autoconfigure.restdocs.RestDocsTestExecutionListener@2edb2fff, org.springframework.boot.test.autoconfigure.web.client.MockRestServiceServerResetTestExecutionListener@25aefcab, org.springframework.boot.test.autoconfigure.web.servlet.MockMvcPrintOnlyOnFailureTestExecutionListener@2778d277, org.springframework.boot.test.autoconfigure.web.servlet.WebDriverTestExecutionListener@58be06b3, org.springframework.boot.test.autoconfigure.webservices.client.MockWebServiceServerTestExecutionListener@2f6d7e8c, org.springframework.boot.test.mock.mockito.ResetMocksTestExecutionListener@7d74946e]

  .   ____          _            __ _ _
 /\\ / ___'_ __ _ _(_)_ __  __ _ \ \ \ \
( ( )\___ | '_ | '_| | '_ \/ _` | \ \ \ \
 \\/  ___)| |_)| | | | | || (_| |  ) ) ) )
  '  |____| .__|_| |_|_| |_\__, | / / / /
 =========|_|==============|___/=/_/_/_/
 :: Spring Boot ::                (v2.4.3)

2021-03-01 13:10:40.551  INFO 37916 --- [    Test worker] com.example.jsonpractice.ThemeParkTests  : Starting ThemeParkTests using Java 15.0.1 on RGCAFCS82020.local with PID 37916 (started by j2153034 in /Users/j2153034/Documents/GitHub/spring-playground)
2021-03-01 13:10:40.553  INFO 37916 --- [    Test worker] com.example.jsonpractice.ThemeParkTests  : No active profile set, falling back to default profiles: default
2021-03-01 13:10:40.735  INFO 37916 --- [    Test worker] o.s.s.concurrent.ThreadPoolTaskExecutor  : Initializing ExecutorService 'applicationTaskExecutor'
2021-03-01 13:10:40.823  INFO 37916 --- [    Test worker] o.s.b.t.m.w.SpringBootMockServletContext : Initializing Spring TestDispatcherServlet ''
2021-03-01 13:10:40.823  INFO 37916 --- [    Test worker] o.s.t.web.servlet.TestDispatcherServlet  : Initializing Servlet ''
2021-03-01 13:10:40.824  INFO 37916 --- [    Test worker] o.s.t.web.servlet.TestDispatcherServlet  : Completed initialization in 1 ms
2021-03-01 13:10:40.834  INFO 37916 --- [    Test worker] com.example.jsonpractice.ThemeParkTests  : Started ThemeParkTests in 0.3 seconds (JVM running for 5.703)
]]></system-out>
  <system-err><![CDATA[]]></system-err>
</testsuite>
